INFO [2025-04-16 11:40:58] $x
INFO [2025-04-16 11:40:58] venn_list
INFO [2025-04-16 11:40:58] 
INFO [2025-04-16 11:40:58] $filename
INFO [2025-04-16 11:40:58] NULL
INFO [2025-04-16 11:40:58] 
INFO [2025-04-16 11:40:58] $fill
INFO [2025-04-16 11:40:58] c("red", "blue", "green", "orange")
INFO [2025-04-16 11:40:58] 
INFO [2025-04-16 11:40:58] $alpha
INFO [2025-04-16 11:40:58] [1] 0.5
INFO [2025-04-16 11:40:58] 
INFO [2025-04-16 11:40:58] $cex
INFO [2025-04-16 11:40:58] [1] 1.2
INFO [2025-04-16 11:40:58] 
INFO [2025-04-16 11:40:58] $cat.cex
INFO [2025-04-16 11:40:58] [1] 1.2
INFO [2025-04-16 11:40:58] 
INFO [2025-04-16 11:40:58] $main
INFO [2025-04-16 11:40:58] [1] "Overlap of Cases and Controls Across Datasets"
INFO [2025-04-16 11:40:58] 
