INFO [2025-04-20 19:31:13] $x
INFO [2025-04-20 19:31:13] venn_input
INFO [2025-04-20 19:31:13] 
INFO [2025-04-20 19:31:13] $category.names
INFO [2025-04-20 19:31:13] names(venn_input)
INFO [2025-04-20 19:31:13] 
INFO [2025-04-20 19:31:13] $filename
INFO [2025-04-20 19:31:13] NULL
INFO [2025-04-20 19:31:13] 
INFO [2025-04-20 19:31:13] $output
INFO [2025-04-20 19:31:13] [1] TRUE
INFO [2025-04-20 19:31:13] 
INFO [2025-04-20 19:31:13] $fill
INFO [2025-04-20 19:31:13] c("#FFB6C1", "#ADD8E6", "#90EE90", "#FFD700", "#DA70D6")
INFO [2025-04-20 19:31:13] 
INFO [2025-04-20 19:31:13] $alpha
INFO [2025-04-20 19:31:13] [1] 0.6
INFO [2025-04-20 19:31:13] 
INFO [2025-04-20 19:31:13] $cex
INFO [2025-04-20 19:31:13] [1] 1.5
INFO [2025-04-20 19:31:13] 
INFO [2025-04-20 19:31:13] $cat.cex
INFO [2025-04-20 19:31:13] [1] 1.5
INFO [2025-04-20 19:31:13] 
INFO [2025-04-20 19:31:13] $cat.col
INFO [2025-04-20 19:31:13] [1] "black"
INFO [2025-04-20 19:31:13] 
INFO [2025-04-20 19:31:13] $cat.pos
INFO [2025-04-20 19:31:13] [1] 0
INFO [2025-04-20 19:31:13] 
INFO [2025-04-20 19:31:13] $margin
INFO [2025-04-20 19:31:13] [1] 0.1
INFO [2025-04-20 19:31:13] 
